<?xml version="1.0" encoding="UTF-8"?>
<testng-results ignored="0" total="1" passed="1" failed="0" skipped="0">
  <reporter-output>
  </reporter-output>
  <suite started-at="2024-09-11T20:10:52 IST" name="Default suite" finished-at="2024-09-11T20:10:52 IST" duration-ms="254">
    <groups>
    </groups>
    <test started-at="2024-09-11T20:10:52 IST" name="Default test" finished-at="2024-09-11T20:10:52 IST" duration-ms="254">
      <class name="ddt.DataBaseTest">
        <test-method signature="Base()[pri:0, instance:ddt.DataBaseTest@4550bb58]" started-at="2024-09-11T20:10:52 IST" name="Base" finished-at="2024-09-11T20:10:52 IST" duration-ms="210" status="PASS">
          <reporter-output>
          </reporter-output>
        </test-method> <!-- Base -->
      </class> <!-- ddt.DataBaseTest -->
    </test> <!-- Default test -->
  </suite> <!-- Default suite -->
</testng-results>
